[INFO  - 2022-05-30T20:27:49.155Z] GhostDriver - Main - running on port 1841
[INFO  - 2022-05-30T20:27:49.556Z] Session [f94460a0-e056-11ec-be65-4d4cf73173a7] - page.settings - {"XSSAuditingEnabled":false,"javascriptCanCloseWindows":true,"javascriptCanOpenWindows":true,"javascriptEnabled":true,"loadImages":true,"localToRemoteUrlAccessEnabled":false,"userAgent":"Mozilla/5.0 (Windows NT 6.2; WOW64) AppleWebKit/538.1 (KHTML, like Gecko) PhantomJS/2.1.1 Safari/538.1","webSecurityEnabled":true}
[INFO  - 2022-05-30T20:27:49.556Z] Session [f94460a0-e056-11ec-be65-4d4cf73173a7] - page.customHeaders:  - {}
[INFO  - 2022-05-30T20:27:49.556Z] Session [f94460a0-e056-11ec-be65-4d4cf73173a7] - Session.negotiatedCapabilities - {"browserName":"phantomjs","version":"2.1.1","driverName":"ghostdriver","driverVersion":"1.2.0","platform":"windows-10-32bit","javascriptEnabled":true,"takesScreenshot":true,"handlesAlerts":false,"databaseEnabled":false,"locationContextEnabled":false,"applicationCacheEnabled":false,"browserConnectionEnabled":false,"cssSelectorsEnabled":true,"webStorageEnabled":false,"rotatable":false,"acceptSslCerts":false,"nativeEvents":true,"proxy":{"proxyType":"direct"}}
[INFO  - 2022-05-30T20:27:49.556Z] SessionManagerReqHand - _postNewSessionCommand - New Session Created: f94460a0-e056-11ec-be65-4d4cf73173a7
[ERROR - 2022-05-30T20:27:51.312Z] Session [f94460a0-e056-11ec-be65-4d4cf73173a7] - page.onError - msg: TypeError: Type error

  phantomjs://platform/console++.js:263 in error
[ERROR - 2022-05-30T20:27:51.313Z] Session [f94460a0-e056-11ec-be65-4d4cf73173a7] - page.onError - stack:
  toString (https://s.pximg.net/accounts/assets/commons.f2335e680ee00f3470c4.js:21)
  inspectSource (https://s.pximg.net/accounts/assets/commons.f2335e680ee00f3470c4.js:21)
  (anonymous function) (https://s.pximg.net/accounts/assets/commons.f2335e680ee00f3470c4.js:1)
  de (https://s.pximg.net/accounts/assets/commons.f2335e680ee00f3470c4.js:21)
  (anonymous function) (https://s.pximg.net/accounts/assets/commons.f2335e680ee00f3470c4.js:21)
  r (https://s.pximg.net/accounts/assets/runtime.c78dd83eab3ee4119b14.js:1)
  (anonymous function) (https://s.pximg.net/accounts/assets/initializer.2d24b556ae5d5b93db20.js:1)
  r (https://s.pximg.net/accounts/assets/runtime.c78dd83eab3ee4119b14.js:1)
  f (https://s.pximg.net/accounts/assets/runtime.c78dd83eab3ee4119b14.js:1)
  c (https://s.pximg.net/accounts/assets/runtime.c78dd83eab3ee4119b14.js:1)

  phantomjs://platform/console++.js:263 in error
[ERROR - 2022-05-30T20:27:52.172Z] Session [f94460a0-e056-11ec-be65-4d4cf73173a7] - page.onError - msg: Unhandled promise rejection ChunkLoadError: Loading chunk 9 failed.
(error: https://accounts.pixiv.net/lang.zh.1f0381631a92beeb11b5.js)

  phantomjs://platform/console++.js:263 in error
[ERROR - 2022-05-30T20:27:52.172Z] Session [f94460a0-e056-11ec-be65-4d4cf73173a7] - page.onError - stack:
  exports (https://s.pximg.net/accounts/assets/commons.f2335e680ee00f3470c4.js:31)

  phantomjs://platform/console++.js:263 in error
[ERROR - 2022-05-30T20:27:52.172Z] Session [f94460a0-e056-11ec-be65-4d4cf73173a7] - page.onError - msg: Unhandled promise rejection ChunkLoadError: Loading chunk 9 failed.
(error: https://accounts.pixiv.net/lang.zh.1f0381631a92beeb11b5.js)

  phantomjs://platform/console++.js:263 in error
[ERROR - 2022-05-30T20:27:52.173Z] Session [f94460a0-e056-11ec-be65-4d4cf73173a7] - page.onError - stack:
  exports (https://s.pximg.net/accounts/assets/commons.f2335e680ee00f3470c4.js:31)

  phantomjs://platform/console++.js:263 in error
[ERROR - 2022-05-30T20:27:52.394Z] WebElementLocator - _handleLocateCommand - Element(s) NOT Found: GAVE UP. Search Stop Time: 1653942472374

  phantomjs://platform/console++.js:263 in error
